\BOOKMARK [1][-]{section.1}{\376\377\000I\000m\000a\000g\000e\000\040\000S\000p\000a\000c\000e\000\040\000a\000s\000\040\000a\000\040\000T\000o\000p\000o\000l\000o\000g\000i\000c\000a\000l\000\040\000D\000o\000m\000a\000i\000n}{}% 1
\BOOKMARK [1][-]{section.2}{\376\377\000S\000h\000e\000a\000f\000\040\000C\000o\000n\000d\000i\000t\000i\000o\000n\000\040\000a\000s\000\040\000I\000n\000t\000e\000r\000n\000a\000l\000\040\000C\000o\000n\000s\000i\000s\000t\000e\000n\000c\000y}{}% 2
\BOOKMARK [1][-]{section.3}{\376\377\000A\000n\000i\000m\000a\000t\000i\000o\000n\000\040\000a\000s\000\040\000F\000u\000n\000c\000t\000o\000r\000i\000a\000l\000\040\000D\000y\000n\000a\000m\000i\000c\000s}{}% 3
\BOOKMARK [1][-]{section.4}{\376\377\000O\000p\000t\000i\000c\000a\000l\000\040\000P\000r\000i\000o\000r\000s\000\040\000a\000s\000\040\000D\000i\000s\000c\000r\000e\000t\000e\000\040\000R\000e\000n\000d\000e\000r\000i\000n\000g\000\040\000O\000p\000e\000r\000a\000t\000o\000r\000s}{}% 4
\BOOKMARK [1][-]{section.5}{\376\377\000A\000m\000b\000i\000g\000u\000i\000t\000y\000\040\000a\000s\000\040\000M\000o\000d\000u\000l\000i\000\040\000o\000f\000\040\000G\000l\000o\000b\000a\000l\000\040\000S\000e\000c\000t\000i\000o\000n\000s}{}% 5
\BOOKMARK [1][-]{section.6}{\376\377\000C\000o\000n\000c\000l\000u\000s\000i\000o\000n}{}% 6
\BOOKMARK [1][-]{section.7}{\376\377\000H\000i\000g\000h\000e\000r\000\040\000S\000h\000e\000a\000f\000\040\000S\000t\000r\000u\000c\000t\000u\000r\000e\000\040\000a\000n\000d\000\040\000H\000o\000m\000o\000t\000o\000p\000i\000c\000a\000l\000\040\000A\000m\000b\000i\000g\000u\000i\000t\000y}{}% 7
\BOOKMARK [1][-]{section.8}{\376\377\000T\000h\000e\000o\000r\000e\000m\000:\000\040\000E\000x\000i\000s\000t\000e\000n\000c\000e\000\040\000a\000n\000d\000\040\000U\000n\000i\000q\000u\000e\000n\000e\000s\000s\000\040\000o\000f\000\040\000A\000n\000i\000m\000a\000t\000e\000d\000\040\000C\000o\000n\000t\000i\000n\000u\000a\000t\000i\000o\000n\000s}{}% 8
\BOOKMARK [1][-]{section.9}{\376\377\000P\000a\000i\000n\000t\000i\000n\000g\000\040\000L\000a\000y\000e\000r\000s\000\040\000a\000s\000\040\000S\000u\000b\000s\000h\000e\000a\000f\000\040\000D\000e\000c\000o\000m\000p\000o\000s\000i\000t\000i\000o\000n}{}% 9
\BOOKMARK [2][-]{subsection.9.1}{\376\377\000M\000a\000c\000r\000o\000\040\000D\000i\000r\000e\000c\000t\000i\000o\000n\000a\000l\000i\000t\000y\000\040\000S\000u\000b\000s\000h\000e\000a\000f}{section.9}% 10
\BOOKMARK [2][-]{subsection.9.2}{\376\377\000M\000e\000c\000h\000a\000n\000i\000c\000a\000l\000\040\000C\000o\000n\000s\000t\000r\000a\000i\000n\000t\000s\000\040\000S\000u\000b\000s\000h\000e\000a\000f}{section.9}% 11
\BOOKMARK [2][-]{subsection.9.3}{\376\377\000L\000i\000g\000h\000t\000\040\000a\000n\000d\000\040\000M\000a\000t\000e\000r\000i\000a\000l\000\040\000S\000u\000b\000s\000h\000e\000a\000f}{section.9}% 12
\BOOKMARK [1][-]{section.10}{\376\377\000W\000o\000r\000k\000f\000l\000o\000w\000\040\000a\000s\000\040\000I\000t\000e\000r\000a\000t\000i\000v\000e\000\040\000S\000u\000b\000s\000h\000e\000a\000f\000\040\000R\000e\000f\000i\000n\000e\000m\000e\000n\000t}{}% 13
\BOOKMARK [1][-]{section.11}{\376\377\000C\000r\000y\000s\000t\000a\000l\000\040\000C\000i\000t\000y\000\040\000C\000o\000a\000s\000t\000l\000i\000n\000e}{}% 14
\BOOKMARK [1][-]{section.12}{\376\377\000D\000i\000n\000o\000s\000a\000u\000r\000s\000\040\000i\000n\000\040\000U\000n\000d\000e\000r\000b\000r\000u\000s\000h}{}% 15
\BOOKMARK [1][-]{section.13}{\376\377\000M\000a\000i\000a\000s\000a\000u\000r\000s\000\040\000w\000i\000t\000h\000\040\000N\000e\000s\000t}{}% 16
\BOOKMARK [1][-]{section.14}{\376\377\000W\000h\000i\000t\000e\000\040\000H\000o\000r\000s\000e\000\040\000i\000n\000\040\000M\000o\000t\000i\000o\000n}{}% 17
\BOOKMARK [1][-]{section.15}{\376\377\000L\000a\000v\000e\000n\000d\000e\000r\000\040\000P\000l\000a\000n\000e\000t\000\040\000G\000e\000o\000l\000o\000g\000y}{}% 18
\BOOKMARK [1][-]{section.16}{\376\377\000D\000r\000a\000g\000o\000n\000\040\000o\000n\000\040\000C\000l\000i\000f\000f}{}% 19
\BOOKMARK [1][-]{section.17}{\376\377\000E\000x\000a\000m\000p\000l\000e\000s\000\040\000o\000f\000\040\000S\000h\000e\000a\000f\000\040\000S\000t\000r\000u\000c\000t\000u\000r\000e\000\040\000i\000n\000\040\000S\000p\000e\000c\000i\000f\000i\000c\000\040\000M\000o\000t\000i\000f\000s}{}% 20
\BOOKMARK [2][-]{subsection.17.1}{\376\377\000T\000h\000e\000\040\000D\000i\000n\000o\000s\000a\000u\000r\040\031\000s\000\040\000A\000m\000b\000i\000g\000u\000o\000u\000s\000\040\000F\000a\000c\000i\000n\000g}{section.17}% 21
\BOOKMARK [2][-]{subsection.17.2}{\376\377\000T\000h\000e\000\040\000H\000o\000r\000s\000e\000\040\000G\000a\000i\000t\000\040\000a\000s\000\040\000U\000n\000i\000q\000u\000e\000l\000y\000\040\000D\000e\000t\000e\000r\000m\000i\000n\000e\000d\000\040\000G\000l\000o\000b\000a\000l\000\040\000S\000e\000c\000t\000i\000o\000n}{section.17}% 22
\BOOKMARK [2][-]{subsection.17.3}{\376\377\000L\000e\000n\000s\000\040\000F\000l\000a\000r\000e\000\040\000a\000s\000\040\000R\000i\000g\000i\000d\000\040\000O\000p\000t\000i\000c\000s\000\040\000S\000u\000b\000s\000h\000e\000a\000f}{section.17}% 23
\BOOKMARK [1][-]{section.18}{\376\377\000G\000l\000o\000s\000s\000a\000r\000y}{}% 24
\BOOKMARK [1][-]{appendix.A}{\376\377\000A\000p\000p\000e\000n\000d\000i\000x\000:\000\040\000C\000a\000t\000e\000g\000o\000r\000i\000c\000a\000l\000\040\000F\000o\000u\000n\000d\000a\000t\000i\000o\000n\000s\000\040\000o\000f\000\040\000P\000a\000i\000n\000t\000e\000d\000\040\000W\000o\000r\000l\000d\000s}{}% 25
\BOOKMARK [2][-]{subsection.A.1}{\376\377\000P\000a\000i\000n\000t\000e\000d\000\040\000R\000e\000g\000i\000o\000n\000s\000\040\000a\000s\000\040\000a\000\040\000S\000i\000t\000e}{appendix.A}% 26
\BOOKMARK [2][-]{subsection.A.2}{\376\377\000T\000h\000e\000\040\000P\000a\000i\000n\000t\000i\000n\000g\000\040\000S\000h\000e\000a\000f\000\040\000a\000s\000\040\000a\000\040\000C\000o\000n\000s\000t\000r\000a\000i\000n\000t\000\040\000P\000r\000e\000s\000h\000e\000a\000f}{appendix.A}% 27
\BOOKMARK [2][-]{subsection.A.3}{\376\377\000G\000l\000o\000b\000a\000l\000\040\000S\000e\000c\000t\000i\000o\000n\000s\000\040\000a\000n\000d\000\040\000t\000h\000e\000\040\000W\000o\000r\000l\000d\000-\000M\000o\000d\000e\000l\000\040\000M\000o\000d\000u\000l\000i\000\040\000S\000p\000a\000c\000e}{appendix.A}% 28
\BOOKMARK [2][-]{subsection.A.4}{\376\377\000P\000r\000o\000m\000o\000t\000i\000o\000n\000\040\000t\000o\000\040\000a\000n\000\040\000-\000S\000h\000e\000a\000f\000\040\000o\000f\000\040\000I\000n\000t\000e\000r\000p\000r\000e\000t\000a\000t\000i\000o\000n\000s}{appendix.A}% 29
\BOOKMARK [2][-]{subsection.A.5}{\376\377\000A\000n\000i\000m\000a\000t\000i\000o\000n\000\040\000a\000s\000\040\000a\000\040\000D\000e\000r\000i\000v\000e\000d\000\040\000F\000u\000n\000c\000t\000o\000r\000\040\000o\000n\000\040\000I\000n\000t\000e\000r\000p\000r\000e\000t\000a\000t\000i\000o\000n\000\040\000S\000p\000a\000c\000e}{appendix.A}% 30
\BOOKMARK [2][-]{subsection.A.6}{\376\377\000C\000o\000n\000s\000t\000r\000a\000i\000n\000t\000\040\000T\000i\000g\000h\000t\000e\000n\000i\000n\000g\000\040\000a\000s\000\040\000S\000u\000b\000s\000h\000e\000a\000f\000\040\000S\000e\000l\000e\000c\000t\000i\000o\000n}{appendix.A}% 31
\BOOKMARK [2][-]{subsection.A.7}{\376\377\000I\000n\000t\000e\000r\000p\000r\000e\000t\000a\000t\000i\000o\000n\000a\000l\000\040\000S\000t\000a\000b\000i\000l\000i\000t\000y}{appendix.A}% 32
\BOOKMARK [2][-]{subsection.A.8}{\376\377\000C\000o\000n\000c\000l\000u\000s\000i\000o\000n}{appendix.A}% 33
